2025-04-05T09:10:41.367-04:00  INFO 56439 --- [JobApplicationManager] [main] c.e.J.JobApplicationManagerApplication   : Starting JobApplicationManagerApplication using Java 20.0.1 with PID 56439 (/Users/raghavsharma/Development/JobApplicationManager/target/classes started by raghavsharma in /Users/raghavsharma/Development/JobApplicationManager)
2025-04-05T09:10:41.369-04:00  INFO 56439 --- [JobApplicationManager] [main] c.e.J.JobApplicationManagerApplication   : No active profile set, falling back to 1 default profile: "default"
2025-04-05T09:10:41.858-04:00  INFO 56439 --- [JobApplicationManager] [main] .s.d.r.c.RepositoryConfigurationDelegate : Bootstrapping Spring Data JPA repositories in DEFAULT mode.
2025-04-05T09:10:41.889-04:00  INFO 56439 --- [JobApplicationManager] [main] .s.d.r.c.RepositoryConfigurationDelegate : Finished Spring Data repository scanning in 25 ms. Found 3 JPA repository interfaces.
2025-04-05T09:10:42.279-04:00  INFO 56439 --- [JobApplicationManager] [main] o.s.b.w.embedded.tomcat.TomcatWebServer  : Tomcat initialized with port 8080 (http)
2025-04-05T09:10:42.286-04:00  INFO 56439 --- [JobApplicationManager] [main] o.apache.catalina.core.StandardService   : Starting service [Tomcat]
2025-04-05T09:10:42.286-04:00  INFO 56439 --- [JobApplicationManager] [main] o.apache.catalina.core.StandardEngine    : Starting Servlet engine: [Apache Tomcat/10.1.34]
2025-04-05T09:10:42.308-04:00  INFO 56439 --- [JobApplicationManager] [main] o.a.c.c.C.[Tomcat].[localhost].[/]       : Initializing Spring embedded WebApplicationContext
2025-04-05T09:10:42.308-04:00  INFO 56439 --- [JobApplicationManager] [main] w.s.c.ServletWebServerApplicationContext : Root WebApplicationContext: initialization completed in 922 ms
2025-04-05T09:10:42.455-04:00  INFO 56439 --- [JobApplicationManager] [main] o.hibernate.jpa.internal.util.LogHelper  : HHH000204: Processing PersistenceUnitInfo [name: default]
2025-04-05T09:10:42.483-04:00  INFO 56439 --- [JobApplicationManager] [main] org.hibernate.Version                    : HHH000412: Hibernate ORM core version 6.6.5.Final
2025-04-05T09:10:42.502-04:00  INFO 56439 --- [JobApplicationManager] [main] o.h.c.internal.RegionFactoryInitiator    : HHH000026: Second-level cache disabled
2025-04-05T09:10:42.632-04:00  INFO 56439 --- [JobApplicationManager] [main] o.s.o.j.p.SpringPersistenceUnitInfo      : No LoadTimeWeaver setup: ignoring JPA class transformer
2025-04-05T09:10:42.646-04:00  INFO 56439 --- [JobApplicationManager] [main] com.zaxxer.hikari.HikariDataSource       : HikariPool-1 - Starting...
2025-04-05T09:10:42.684-04:00  INFO 56439 --- [JobApplicationManager] [main] i.opentelemetry.api.GlobalOpenTelemetry  : AutoConfiguredOpenTelemetrySdk found on classpath but automatic configuration is disabled. To enable, run your JVM with -Dotel.java.global-autoconfigure.enabled=true
2025-04-05T09:10:42.844-04:00  INFO 56439 --- [JobApplicationManager] [main] com.zaxxer.hikari.pool.HikariPool        : HikariPool-1 - Added connection com.mysql.cj.jdbc.ConnectionImpl@6afaf27
2025-04-05T09:10:42.845-04:00  INFO 56439 --- [JobApplicationManager] [main] com.zaxxer.hikari.HikariDataSource       : HikariPool-1 - Start completed.
2025-04-05T09:10:42.917-04:00  WARN 56439 --- [JobApplicationManager] [main] org.hibernate.orm.deprecation            : HHH90000025: MySQLDialect does not need to be specified explicitly using 'hibernate.dialect' (remove the property setting and it will be selected by default)
2025-04-05T09:10:42.927-04:00  INFO 56439 --- [JobApplicationManager] [main] org.hibernate.orm.connections.pooling    : HHH10001005: Database info:
	Database JDBC URL [Connecting through datasource 'HikariDataSource (HikariPool-1)']
	Database driver: undefined/unknown
	Database version: 9.2
	Autocommit mode: undefined/unknown
	Isolation level: undefined/unknown
	Minimum pool size: undefined/unknown
	Maximum pool size: undefined/unknown
2025-04-05T09:10:43.356-04:00  INFO 56439 --- [JobApplicationManager] [main] o.h.e.t.j.p.i.JtaPlatformInitiator       : HHH000489: No JTA platform available (set 'hibernate.transaction.jta.platform' to enable JTA platform integration)
2025-04-05T09:10:43.418-04:00  INFO 56439 --- [JobApplicationManager] [main] j.LocalContainerEntityManagerFactoryBean : Initialized JPA EntityManagerFactory for persistence unit 'default'
2025-04-05T09:10:43.543-04:00  INFO 56439 --- [JobApplicationManager] [main] o.s.d.j.r.query.QueryEnhancerFactory     : Hibernate is in classpath; If applicable, HQL parser will be used.
2025-04-05T09:10:44.384-04:00  INFO 56439 --- [JobApplicationManager] [main] c.e.J.configs.RestTemplateConfig         : Initializing RestTemplate...
2025-04-05T09:10:44.399-04:00  INFO 56439 --- [JobApplicationManager] [main] c.e.J.configs.RestTemplateConfig         : Initializing PDFTextStripper...
2025-04-05T09:10:44.468-04:00  WARN 56439 --- [JobApplicationManager] [main] JpaBaseConfiguration$JpaWebConfiguration : spring.jpa.open-in-view is enabled by default. Therefore, database queries may be performed during view rendering. Explicitly configure spring.jpa.open-in-view to disable this warning
2025-04-05T09:10:44.503-04:00  INFO 56439 --- [JobApplicationManager] [main] r$InitializeUserDetailsManagerConfigurer : Global AuthenticationManager configured with UserDetailsService bean with name customUserDetailsService
2025-04-05T09:10:44.844-04:00  INFO 56439 --- [JobApplicationManager] [main] o.s.b.a.e.web.EndpointLinksResolver      : Exposing 1 endpoint beneath base path '/actuator'
2025-04-05T09:10:44.905-04:00 DEBUG 56439 --- [JobApplicationManager] [main] o.s.s.web.DefaultSecurityFilterChain     : Will secure any request with filters: DisableEncodeUrlFilter, WebAsyncManagerIntegrationFilter, SecurityContextHolderFilter, HeaderWriterFilter, LogoutFilter, JwtAuthenticationFilter, RequestCacheAwareFilter, SecurityContextHolderAwareRequestFilter, AnonymousAuthenticationFilter, ExceptionTranslationFilter, AuthorizationFilter
2025-04-05T09:10:45.236-04:00  INFO 56439 --- [JobApplicationManager] [main] o.s.b.w.embedded.tomcat.TomcatWebServer  : Tomcat started on port 8080 (http) with context path '/'
2025-04-05T09:10:45.246-04:00  INFO 56439 --- [JobApplicationManager] [main] c.e.J.JobApplicationManagerApplication   : Started JobApplicationManagerApplication in 4.109 seconds (process running for 4.608)
2025-04-05T09:10:45.452-04:00  INFO 56439 --- [JobApplicationManager] [RMI TCP Connection(3)-127.0.0.1] o.a.c.c.C.[Tomcat].[localhost].[/]       : Initializing Spring DispatcherServlet 'dispatcherServlet'
2025-04-05T09:10:45.452-04:00  INFO 56439 --- [JobApplicationManager] [RMI TCP Connection(3)-127.0.0.1] o.s.web.servlet.DispatcherServlet        : Initializing Servlet 'dispatcherServlet'
2025-04-05T09:10:45.454-04:00  INFO 56439 --- [JobApplicationManager] [RMI TCP Connection(3)-127.0.0.1] o.s.web.servlet.DispatcherServlet        : Completed initialization in 2 ms
2025-04-05T09:10:49.494-04:00  INFO 56439 --- [JobApplicationManager] [SpringApplicationShutdownHook] o.s.b.w.e.tomcat.GracefulShutdown        : Commencing graceful shutdown. Waiting for active requests to complete
2025-04-05T09:10:49.500-04:00  INFO 56439 --- [JobApplicationManager] [tomcat-shutdown] o.s.b.w.e.tomcat.GracefulShutdown        : Graceful shutdown complete
2025-04-05T09:10:49.509-04:00  INFO 56439 --- [JobApplicationManager] [SpringApplicationShutdownHook] j.LocalContainerEntityManagerFactoryBean : Closing JPA EntityManagerFactory for persistence unit 'default'
2025-04-05T09:10:49.515-04:00  INFO 56439 --- [JobApplicationManager] [SpringApplicationShutdownHook] com.zaxxer.hikari.HikariDataSource       : HikariPool-1 - Shutdown initiated...
2025-04-05T09:10:49.520-04:00  INFO 56439 --- [JobApplicationManager] [SpringApplicationShutdownHook] com.zaxxer.hikari.HikariDataSource       : HikariPool-1 - Shutdown completed.
2025-04-05T09:11:00.400-04:00  INFO 56447 --- [JobApplicationManager] [main] c.e.J.JobApplicationManagerApplication   : Starting JobApplicationManagerApplication using Java 20.0.1 with PID 56447 (/Users/raghavsharma/Development/JobApplicationManager/target/classes started by raghavsharma in /Users/raghavsharma/Development/JobApplicationManager)
2025-04-05T09:11:00.401-04:00  INFO 56447 --- [JobApplicationManager] [main] c.e.J.JobApplicationManagerApplication   : No active profile set, falling back to 1 default profile: "default"
2025-04-05T09:11:00.878-04:00  INFO 56447 --- [JobApplicationManager] [main] .s.d.r.c.RepositoryConfigurationDelegate : Bootstrapping Spring Data JPA repositories in DEFAULT mode.
2025-04-05T09:11:00.908-04:00  INFO 56447 --- [JobApplicationManager] [main] .s.d.r.c.RepositoryConfigurationDelegate : Finished Spring Data repository scanning in 24 ms. Found 3 JPA repository interfaces.
2025-04-05T09:11:01.274-04:00  INFO 56447 --- [JobApplicationManager] [main] o.s.b.w.embedded.tomcat.TomcatWebServer  : Tomcat initialized with port 8080 (http)
2025-04-05T09:11:01.281-04:00  INFO 56447 --- [JobApplicationManager] [main] o.apache.catalina.core.StandardService   : Starting service [Tomcat]
2025-04-05T09:11:01.282-04:00  INFO 56447 --- [JobApplicationManager] [main] o.apache.catalina.core.StandardEngine    : Starting Servlet engine: [Apache Tomcat/10.1.34]
2025-04-05T09:11:01.303-04:00  INFO 56447 --- [JobApplicationManager] [main] o.a.c.c.C.[Tomcat].[localhost].[/]       : Initializing Spring embedded WebApplicationContext
2025-04-05T09:11:01.303-04:00  INFO 56447 --- [JobApplicationManager] [main] w.s.c.ServletWebServerApplicationContext : Root WebApplicationContext: initialization completed in 879 ms
2025-04-05T09:11:01.443-04:00  INFO 56447 --- [JobApplicationManager] [main] o.hibernate.jpa.internal.util.LogHelper  : HHH000204: Processing PersistenceUnitInfo [name: default]
2025-04-05T09:11:01.467-04:00  INFO 56447 --- [JobApplicationManager] [main] org.hibernate.Version                    : HHH000412: Hibernate ORM core version 6.6.5.Final
2025-04-05T09:11:01.481-04:00  INFO 56447 --- [JobApplicationManager] [main] o.h.c.internal.RegionFactoryInitiator    : HHH000026: Second-level cache disabled
2025-04-05T09:11:01.606-04:00  INFO 56447 --- [JobApplicationManager] [main] o.s.o.j.p.SpringPersistenceUnitInfo      : No LoadTimeWeaver setup: ignoring JPA class transformer
2025-04-05T09:11:01.619-04:00  INFO 56447 --- [JobApplicationManager] [main] com.zaxxer.hikari.HikariDataSource       : HikariPool-1 - Starting...
2025-04-05T09:11:01.653-04:00  INFO 56447 --- [JobApplicationManager] [main] i.opentelemetry.api.GlobalOpenTelemetry  : AutoConfiguredOpenTelemetrySdk found on classpath but automatic configuration is disabled. To enable, run your JVM with -Dotel.java.global-autoconfigure.enabled=true
2025-04-05T09:11:01.784-04:00  INFO 56447 --- [JobApplicationManager] [main] com.zaxxer.hikari.pool.HikariPool        : HikariPool-1 - Added connection com.mysql.cj.jdbc.ConnectionImpl@178c6261
2025-04-05T09:11:01.785-04:00  INFO 56447 --- [JobApplicationManager] [main] com.zaxxer.hikari.HikariDataSource       : HikariPool-1 - Start completed.
2025-04-05T09:11:01.809-04:00  WARN 56447 --- [JobApplicationManager] [main] org.hibernate.orm.deprecation            : HHH90000025: MySQLDialect does not need to be specified explicitly using 'hibernate.dialect' (remove the property setting and it will be selected by default)
2025-04-05T09:11:01.816-04:00  INFO 56447 --- [JobApplicationManager] [main] org.hibernate.orm.connections.pooling    : HHH10001005: Database info:
	Database JDBC URL [Connecting through datasource 'HikariDataSource (HikariPool-1)']
	Database driver: undefined/unknown
	Database version: 9.2
	Autocommit mode: undefined/unknown
	Isolation level: undefined/unknown
	Minimum pool size: undefined/unknown
	Maximum pool size: undefined/unknown
2025-04-05T09:11:02.236-04:00  INFO 56447 --- [JobApplicationManager] [main] o.h.e.t.j.p.i.JtaPlatformInitiator       : HHH000489: No JTA platform available (set 'hibernate.transaction.jta.platform' to enable JTA platform integration)
2025-04-05T09:11:02.296-04:00  INFO 56447 --- [JobApplicationManager] [main] j.LocalContainerEntityManagerFactoryBean : Initialized JPA EntityManagerFactory for persistence unit 'default'
2025-04-05T09:11:02.426-04:00  INFO 56447 --- [JobApplicationManager] [main] o.s.d.j.r.query.QueryEnhancerFactory     : Hibernate is in classpath; If applicable, HQL parser will be used.
2025-04-05T09:11:03.264-04:00  INFO 56447 --- [JobApplicationManager] [main] c.e.J.configs.RestTemplateConfig         : Initializing RestTemplate...
2025-04-05T09:11:03.279-04:00  INFO 56447 --- [JobApplicationManager] [main] c.e.J.configs.RestTemplateConfig         : Initializing PDFTextStripper...
2025-04-05T09:11:03.350-04:00  WARN 56447 --- [JobApplicationManager] [main] JpaBaseConfiguration$JpaWebConfiguration : spring.jpa.open-in-view is enabled by default. Therefore, database queries may be performed during view rendering. Explicitly configure spring.jpa.open-in-view to disable this warning
2025-04-05T09:11:03.386-04:00  INFO 56447 --- [JobApplicationManager] [main] r$InitializeUserDetailsManagerConfigurer : Global AuthenticationManager configured with UserDetailsService bean with name customUserDetailsService
2025-04-05T09:11:03.711-04:00  INFO 56447 --- [JobApplicationManager] [main] o.s.b.a.e.web.EndpointLinksResolver      : Exposing 1 endpoint beneath base path '/actuator'
2025-04-05T09:11:03.773-04:00 DEBUG 56447 --- [JobApplicationManager] [main] o.s.s.web.DefaultSecurityFilterChain     : Will secure any request with filters: DisableEncodeUrlFilter, WebAsyncManagerIntegrationFilter, SecurityContextHolderFilter, HeaderWriterFilter, LogoutFilter, JwtAuthenticationFilter, RequestCacheAwareFilter, SecurityContextHolderAwareRequestFilter, AnonymousAuthenticationFilter, ExceptionTranslationFilter, AuthorizationFilter
2025-04-05T09:11:04.095-04:00  INFO 56447 --- [JobApplicationManager] [main] o.s.b.w.embedded.tomcat.TomcatWebServer  : Tomcat started on port 8080 (http) with context path '/'
2025-04-05T09:11:04.105-04:00  INFO 56447 --- [JobApplicationManager] [main] c.e.J.JobApplicationManagerApplication   : Started JobApplicationManagerApplication in 3.922 seconds (process running for 4.424)
2025-04-05T09:11:04.650-04:00  INFO 56447 --- [JobApplicationManager] [RMI TCP Connection(4)-127.0.0.1] o.a.c.c.C.[Tomcat].[localhost].[/]       : Initializing Spring DispatcherServlet 'dispatcherServlet'
2025-04-05T09:11:04.650-04:00  INFO 56447 --- [JobApplicationManager] [RMI TCP Connection(4)-127.0.0.1] o.s.web.servlet.DispatcherServlet        : Initializing Servlet 'dispatcherServlet'
2025-04-05T09:11:04.651-04:00  INFO 56447 --- [JobApplicationManager] [RMI TCP Connection(4)-127.0.0.1] o.s.web.servlet.DispatcherServlet        : Completed initialization in 1 ms
2025-04-05T09:11:06.672-04:00  INFO 56447 --- [JobApplicationManager] [SpringApplicationShutdownHook] o.s.b.w.e.tomcat.GracefulShutdown        : Commencing graceful shutdown. Waiting for active requests to complete
2025-04-05T09:11:06.677-04:00  INFO 56447 --- [JobApplicationManager] [tomcat-shutdown] o.s.b.w.e.tomcat.GracefulShutdown        : Graceful shutdown complete
2025-04-05T09:11:06.685-04:00  INFO 56447 --- [JobApplicationManager] [SpringApplicationShutdownHook] j.LocalContainerEntityManagerFactoryBean : Closing JPA EntityManagerFactory for persistence unit 'default'
2025-04-05T09:11:06.687-04:00  INFO 56447 --- [JobApplicationManager] [SpringApplicationShutdownHook] com.zaxxer.hikari.HikariDataSource       : HikariPool-1 - Shutdown initiated...
2025-04-05T09:11:06.690-04:00  INFO 56447 --- [JobApplicationManager] [SpringApplicationShutdownHook] com.zaxxer.hikari.HikariDataSource       : HikariPool-1 - Shutdown completed.
2025-04-05T09:14:57.339-04:00  INFO 61936 --- [JobApplicationManager] [main] c.e.J.JobApplicationManagerApplication   : Starting JobApplicationManagerApplication using Java 20.0.1 with PID 61936 (/Users/raghavsharma/Development/JobApplicationManager/target/classes started by raghavsharma in /Users/raghavsharma/Development/JobApplicationManager)
2025-04-05T09:14:57.340-04:00  INFO 61936 --- [JobApplicationManager] [main] c.e.J.JobApplicationManagerApplication   : No active profile set, falling back to 1 default profile: "default"
2025-04-05T09:14:57.882-04:00  INFO 61936 --- [JobApplicationManager] [main] .s.d.r.c.RepositoryConfigurationDelegate : Bootstrapping Spring Data JPA repositories in DEFAULT mode.
2025-04-05T09:14:57.912-04:00  INFO 61936 --- [JobApplicationManager] [main] .s.d.r.c.RepositoryConfigurationDelegate : Finished Spring Data repository scanning in 24 ms. Found 3 JPA repository interfaces.
2025-04-05T09:14:58.331-04:00  INFO 61936 --- [JobApplicationManager] [main] o.s.b.w.embedded.tomcat.TomcatWebServer  : Tomcat initialized with port 8080 (http)
2025-04-05T09:14:58.337-04:00  INFO 61936 --- [JobApplicationManager] [main] o.apache.catalina.core.StandardService   : Starting service [Tomcat]
2025-04-05T09:14:58.337-04:00  INFO 61936 --- [JobApplicationManager] [main] o.apache.catalina.core.StandardEngine    : Starting Servlet engine: [Apache Tomcat/10.1.34]
2025-04-05T09:14:58.358-04:00  INFO 61936 --- [JobApplicationManager] [main] o.a.c.c.C.[Tomcat].[localhost].[/]       : Initializing Spring embedded WebApplicationContext
2025-04-05T09:14:58.358-04:00  INFO 61936 --- [JobApplicationManager] [main] w.s.c.ServletWebServerApplicationContext : Root WebApplicationContext: initialization completed in 987 ms
2025-04-05T09:14:58.509-04:00  INFO 61936 --- [JobApplicationManager] [main] o.hibernate.jpa.internal.util.LogHelper  : HHH000204: Processing PersistenceUnitInfo [name: default]
2025-04-05T09:14:58.537-04:00  INFO 61936 --- [JobApplicationManager] [main] org.hibernate.Version                    : HHH000412: Hibernate ORM core version 6.6.5.Final
2025-04-05T09:14:58.559-04:00  INFO 61936 --- [JobApplicationManager] [main] o.h.c.internal.RegionFactoryInitiator    : HHH000026: Second-level cache disabled
2025-04-05T09:14:58.706-04:00  INFO 61936 --- [JobApplicationManager] [main] o.s.o.j.p.SpringPersistenceUnitInfo      : No LoadTimeWeaver setup: ignoring JPA class transformer
2025-04-05T09:14:58.720-04:00  INFO 61936 --- [JobApplicationManager] [main] com.zaxxer.hikari.HikariDataSource       : HikariPool-1 - Starting...
2025-04-05T09:14:58.759-04:00  INFO 61936 --- [JobApplicationManager] [main] i.opentelemetry.api.GlobalOpenTelemetry  : AutoConfiguredOpenTelemetrySdk found on classpath but automatic configuration is disabled. To enable, run your JVM with -Dotel.java.global-autoconfigure.enabled=true
2025-04-05T09:14:58.956-04:00  INFO 61936 --- [JobApplicationManager] [main] com.zaxxer.hikari.pool.HikariPool        : HikariPool-1 - Added connection com.mysql.cj.jdbc.ConnectionImpl@1f72fbd1
2025-04-05T09:14:58.957-04:00  INFO 61936 --- [JobApplicationManager] [main] com.zaxxer.hikari.HikariDataSource       : HikariPool-1 - Start completed.
2025-04-05T09:14:58.998-04:00  WARN 61936 --- [JobApplicationManager] [main] org.hibernate.orm.deprecation            : HHH90000025: MySQLDialect does not need to be specified explicitly using 'hibernate.dialect' (remove the property setting and it will be selected by default)
2025-04-05T09:14:59.006-04:00  INFO 61936 --- [JobApplicationManager] [main] org.hibernate.orm.connections.pooling    : HHH10001005: Database info:
	Database JDBC URL [Connecting through datasource 'HikariDataSource (HikariPool-1)']
	Database driver: undefined/unknown
	Database version: 9.2
	Autocommit mode: undefined/unknown
	Isolation level: undefined/unknown
	Minimum pool size: undefined/unknown
	Maximum pool size: undefined/unknown
2025-04-05T09:14:59.447-04:00  INFO 61936 --- [JobApplicationManager] [main] o.h.e.t.j.p.i.JtaPlatformInitiator       : HHH000489: No JTA platform available (set 'hibernate.transaction.jta.platform' to enable JTA platform integration)
2025-04-05T09:14:59.511-04:00  INFO 61936 --- [JobApplicationManager] [main] j.LocalContainerEntityManagerFactoryBean : Initialized JPA EntityManagerFactory for persistence unit 'default'
2025-04-05T09:14:59.634-04:00  INFO 61936 --- [JobApplicationManager] [main] o.s.d.j.r.query.QueryEnhancerFactory     : Hibernate is in classpath; If applicable, HQL parser will be used.
2025-04-05T09:15:00.485-04:00  INFO 61936 --- [JobApplicationManager] [main] c.e.J.configs.RestTemplateConfig         : Initializing RestTemplate...
2025-04-05T09:15:00.500-04:00  INFO 61936 --- [JobApplicationManager] [main] c.e.J.configs.RestTemplateConfig         : Initializing PDFTextStripper...
2025-04-05T09:15:00.577-04:00  WARN 61936 --- [JobApplicationManager] [main] JpaBaseConfiguration$JpaWebConfiguration : spring.jpa.open-in-view is enabled by default. Therefore, database queries may be performed during view rendering. Explicitly configure spring.jpa.open-in-view to disable this warning
2025-04-05T09:15:00.613-04:00  INFO 61936 --- [JobApplicationManager] [main] r$InitializeUserDetailsManagerConfigurer : Global AuthenticationManager configured with UserDetailsService bean with name customUserDetailsService
2025-04-05T09:15:00.980-04:00  INFO 61936 --- [JobApplicationManager] [main] o.s.b.a.e.web.EndpointLinksResolver      : Exposing 1 endpoint beneath base path '/actuator'
2025-04-05T09:15:01.055-04:00 DEBUG 61936 --- [JobApplicationManager] [main] o.s.s.web.DefaultSecurityFilterChain     : Will secure any request with filters: DisableEncodeUrlFilter, WebAsyncManagerIntegrationFilter, SecurityContextHolderFilter, HeaderWriterFilter, LogoutFilter, JwtAuthenticationFilter, RequestCacheAwareFilter, SecurityContextHolderAwareRequestFilter, AnonymousAuthenticationFilter, ExceptionTranslationFilter, AuthorizationFilter
2025-04-05T09:15:01.406-04:00  INFO 61936 --- [JobApplicationManager] [main] o.s.b.w.embedded.tomcat.TomcatWebServer  : Tomcat started on port 8080 (http) with context path '/'
2025-04-05T09:15:01.416-04:00  INFO 61936 --- [JobApplicationManager] [main] c.e.J.JobApplicationManagerApplication   : Started JobApplicationManagerApplication in 4.293 seconds (process running for 4.773)
2025-04-05T09:15:01.846-04:00  INFO 61936 --- [JobApplicationManager] [RMI TCP Connection(2)-127.0.0.1] o.a.c.c.C.[Tomcat].[localhost].[/]       : Initializing Spring DispatcherServlet 'dispatcherServlet'
2025-04-05T09:15:01.846-04:00  INFO 61936 --- [JobApplicationManager] [RMI TCP Connection(2)-127.0.0.1] o.s.web.servlet.DispatcherServlet        : Initializing Servlet 'dispatcherServlet'
2025-04-05T09:15:01.848-04:00  INFO 61936 --- [JobApplicationManager] [RMI TCP Connection(2)-127.0.0.1] o.s.web.servlet.DispatcherServlet        : Completed initialization in 2 ms
2025-04-05T09:15:05.674-04:00  INFO 61936 --- [JobApplicationManager] [SpringApplicationShutdownHook] o.s.b.w.e.tomcat.GracefulShutdown        : Commencing graceful shutdown. Waiting for active requests to complete
2025-04-05T09:15:05.680-04:00  INFO 61936 --- [JobApplicationManager] [tomcat-shutdown] o.s.b.w.e.tomcat.GracefulShutdown        : Graceful shutdown complete
2025-04-05T09:15:05.688-04:00  INFO 61936 --- [JobApplicationManager] [SpringApplicationShutdownHook] j.LocalContainerEntityManagerFactoryBean : Closing JPA EntityManagerFactory for persistence unit 'default'
2025-04-05T09:15:05.691-04:00  INFO 61936 --- [JobApplicationManager] [SpringApplicationShutdownHook] com.zaxxer.hikari.HikariDataSource       : HikariPool-1 - Shutdown initiated...
2025-04-05T09:15:05.697-04:00  INFO 61936 --- [JobApplicationManager] [SpringApplicationShutdownHook] com.zaxxer.hikari.HikariDataSource       : HikariPool-1 - Shutdown completed.
2025-04-05T09:15:14.157-04:00  INFO 61971 --- [JobApplicationManager] [main] c.e.J.JobApplicationManagerApplication   : Starting JobApplicationManagerApplication using Java 23.0.2 with PID 61971 (/Users/raghavsharma/Development/JobApplicationManager/target/classes started by raghavsharma in /Users/raghavsharma/Development/JobApplicationManager)
2025-04-05T09:15:14.158-04:00  INFO 61971 --- [JobApplicationManager] [main] c.e.J.JobApplicationManagerApplication   : No active profile set, falling back to 1 default profile: "default"
2025-04-05T09:15:14.591-04:00  INFO 61971 --- [JobApplicationManager] [main] .s.d.r.c.RepositoryConfigurationDelegate : Bootstrapping Spring Data JPA repositories in DEFAULT mode.
2025-04-05T09:15:14.625-04:00  INFO 61971 --- [JobApplicationManager] [main] .s.d.r.c.RepositoryConfigurationDelegate : Finished Spring Data repository scanning in 28 ms. Found 3 JPA repository interfaces.
2025-04-05T09:15:15.009-04:00  INFO 61971 --- [JobApplicationManager] [main] o.s.b.w.embedded.tomcat.TomcatWebServer  : Tomcat initialized with port 8080 (http)
2025-04-05T09:15:15.018-04:00  INFO 61971 --- [JobApplicationManager] [main] o.apache.catalina.core.StandardService   : Starting service [Tomcat]
2025-04-05T09:15:15.018-04:00  INFO 61971 --- [JobApplicationManager] [main] o.apache.catalina.core.StandardEngine    : Starting Servlet engine: [Apache Tomcat/10.1.34]
2025-04-05T09:15:15.047-04:00  INFO 61971 --- [JobApplicationManager] [main] o.a.c.c.C.[Tomcat].[localhost].[/]       : Initializing Spring embedded WebApplicationContext
2025-04-05T09:15:15.048-04:00  INFO 61971 --- [JobApplicationManager] [main] w.s.c.ServletWebServerApplicationContext : Root WebApplicationContext: initialization completed in 854 ms
2025-04-05T09:15:15.209-04:00  INFO 61971 --- [JobApplicationManager] [main] o.hibernate.jpa.internal.util.LogHelper  : HHH000204: Processing PersistenceUnitInfo [name: default]
2025-04-05T09:15:15.242-04:00  INFO 61971 --- [JobApplicationManager] [main] org.hibernate.Version                    : HHH000412: Hibernate ORM core version 6.6.5.Final
2025-04-05T09:15:15.259-04:00  INFO 61971 --- [JobApplicationManager] [main] o.h.c.internal.RegionFactoryInitiator    : HHH000026: Second-level cache disabled
2025-04-05T09:15:15.371-04:00  INFO 61971 --- [JobApplicationManager] [main] o.s.o.j.p.SpringPersistenceUnitInfo      : No LoadTimeWeaver setup: ignoring JPA class transformer
2025-04-05T09:15:15.388-04:00  INFO 61971 --- [JobApplicationManager] [main] com.zaxxer.hikari.HikariDataSource       : HikariPool-1 - Starting...
2025-04-05T09:15:15.441-04:00  INFO 61971 --- [JobApplicationManager] [main] i.opentelemetry.api.GlobalOpenTelemetry  : AutoConfiguredOpenTelemetrySdk found on classpath but automatic configuration is disabled. To enable, run your JVM with -Dotel.java.global-autoconfigure.enabled=true
2025-04-05T09:15:15.641-04:00  INFO 61971 --- [JobApplicationManager] [main] com.zaxxer.hikari.pool.HikariPool        : HikariPool-1 - Added connection com.mysql.cj.jdbc.ConnectionImpl@3093b9ff
2025-04-05T09:15:15.642-04:00  INFO 61971 --- [JobApplicationManager] [main] com.zaxxer.hikari.HikariDataSource       : HikariPool-1 - Start completed.
2025-04-05T09:15:15.669-04:00  WARN 61971 --- [JobApplicationManager] [main] org.hibernate.orm.deprecation            : HHH90000025: MySQLDialect does not need to be specified explicitly using 'hibernate.dialect' (remove the property setting and it will be selected by default)
2025-04-05T09:15:15.687-04:00  INFO 61971 --- [JobApplicationManager] [main] org.hibernate.orm.connections.pooling    : HHH10001005: Database info:
	Database JDBC URL [Connecting through datasource 'HikariDataSource (HikariPool-1)']
	Database driver: undefined/unknown
	Database version: 9.2
	Autocommit mode: undefined/unknown
	Isolation level: undefined/unknown
	Minimum pool size: undefined/unknown
	Maximum pool size: undefined/unknown
2025-04-05T09:15:16.103-04:00  INFO 61971 --- [JobApplicationManager] [main] o.h.e.t.j.p.i.JtaPlatformInitiator       : HHH000489: No JTA platform available (set 'hibernate.transaction.jta.platform' to enable JTA platform integration)
2025-04-05T09:15:16.152-04:00  INFO 61971 --- [JobApplicationManager] [main] j.LocalContainerEntityManagerFactoryBean : Initialized JPA EntityManagerFactory for persistence unit 'default'
2025-04-05T09:15:16.281-04:00  INFO 61971 --- [JobApplicationManager] [main] o.s.d.j.r.query.QueryEnhancerFactory     : Hibernate is in classpath; If applicable, HQL parser will be used.
2025-04-05T09:15:17.226-04:00  INFO 61971 --- [JobApplicationManager] [main] c.e.J.configs.RestTemplateConfig         : Initializing RestTemplate...
2025-04-05T09:15:17.250-04:00  INFO 61971 --- [JobApplicationManager] [main] c.e.J.configs.RestTemplateConfig         : Initializing PDFTextStripper...
2025-04-05T09:15:17.327-04:00  WARN 61971 --- [JobApplicationManager] [main] JpaBaseConfiguration$JpaWebConfiguration : spring.jpa.open-in-view is enabled by default. Therefore, database queries may be performed during view rendering. Explicitly configure spring.jpa.open-in-view to disable this warning
2025-04-05T09:15:17.364-04:00  INFO 61971 --- [JobApplicationManager] [main] r$InitializeUserDetailsManagerConfigurer : Global AuthenticationManager configured with UserDetailsService bean with name customUserDetailsService
2025-04-05T09:15:17.656-04:00  INFO 61971 --- [JobApplicationManager] [main] o.s.b.a.e.web.EndpointLinksResolver      : Exposing 1 endpoint beneath base path '/actuator'
2025-04-05T09:15:17.715-04:00 DEBUG 61971 --- [JobApplicationManager] [main] o.s.s.web.DefaultSecurityFilterChain     : Will secure any request with filters: DisableEncodeUrlFilter, WebAsyncManagerIntegrationFilter, SecurityContextHolderFilter, HeaderWriterFilter, LogoutFilter, JwtAuthenticationFilter, RequestCacheAwareFilter, SecurityContextHolderAwareRequestFilter, AnonymousAuthenticationFilter, ExceptionTranslationFilter, AuthorizationFilter
2025-04-05T09:15:18.012-04:00  INFO 61971 --- [JobApplicationManager] [main] o.s.b.w.embedded.tomcat.TomcatWebServer  : Tomcat started on port 8080 (http) with context path '/'
2025-04-05T09:15:18.022-04:00  INFO 61971 --- [JobApplicationManager] [main] c.e.J.JobApplicationManagerApplication   : Started JobApplicationManagerApplication in 4.048 seconds (process running for 4.238)
2025-04-05T09:15:21.764-04:00  INFO 61971 --- [JobApplicationManager] [SpringApplicationShutdownHook] o.s.b.w.e.tomcat.GracefulShutdown        : Commencing graceful shutdown. Waiting for active requests to complete
2025-04-05T09:15:21.774-04:00  INFO 61971 --- [JobApplicationManager] [tomcat-shutdown] o.s.b.w.e.tomcat.GracefulShutdown        : Graceful shutdown complete
2025-04-05T09:15:21.786-04:00  INFO 61971 --- [JobApplicationManager] [SpringApplicationShutdownHook] j.LocalContainerEntityManagerFactoryBean : Closing JPA EntityManagerFactory for persistence unit 'default'
2025-04-05T09:15:21.793-04:00  INFO 61971 --- [JobApplicationManager] [SpringApplicationShutdownHook] com.zaxxer.hikari.HikariDataSource       : HikariPool-1 - Shutdown initiated...
2025-04-05T09:15:21.804-04:00  INFO 61971 --- [JobApplicationManager] [SpringApplicationShutdownHook] com.zaxxer.hikari.HikariDataSource       : HikariPool-1 - Shutdown completed.
